[debug] [2020-03-25T11:20:39.706Z] ----------------------------------------------------------------------
[debug] [2020-03-25T11:20:39.708Z] Command:       C:\Program Files\nodejs\node.exe C:\Users\szsoc\AppData\Roaming\npm\node_modules\firebase-tools\lib\bin\firebase.js deploy --only functions
[debug] [2020-03-25T11:20:39.708Z] CLI Version:   7.16.0
[debug] [2020-03-25T11:20:39.708Z] Platform:      win32
[debug] [2020-03-25T11:20:39.708Z] Node Version:  v12.15.0
[debug] [2020-03-25T11:20:39.708Z] Time:          Wed Mar 25 2020 12:20:39 GMT+0100 (Central European Standard Time)
[debug] [2020-03-25T11:20:39.709Z] ----------------------------------------------------------------------
[debug] [2020-03-25T11:20:39.709Z] 
[debug] [2020-03-25T11:20:39.713Z] > command requires scopes: ["email","openid","https://www.googleapis.com/auth/cloudplatformprojects.readonly","https://www.googleapis.com/auth/firebase","https://www.googleapis.com/auth/cloud-platform"]
[debug] [2020-03-25T11:20:39.714Z] > authorizing via signed-in user
[debug] [2020-03-25T11:20:39.714Z] [iam] checking project chattijanchat for permissions ["cloudfunctions.functions.create","cloudfunctions.functions.delete","cloudfunctions.functions.get","cloudfunctions.functions.list","cloudfunctions.functions.update","cloudfunctions.operations.get","firebase.projects.get"]
[debug] [2020-03-25T11:20:39.716Z] >>> HTTP REQUEST POST https://cloudresourcemanager.googleapis.com/v1/projects/chattijanchat:testIamPermissions  

[debug] [2020-03-25T11:20:40.904Z] <<< HTTP RESPONSE 200
[info] 
[info] === Deploying to 'chattijanchat'...
[info] 
[info] i  deploying functions
[info] Running command: npm --prefix "$RESOURCE_DIR" run lint
[info] Running command: npm --prefix "$RESOURCE_DIR" run build
[info] +  functions: Finished running predeploy script.
[debug] [2020-03-25T11:20:49.165Z] > [functions] package.json contents: {
  "name": "functions",
  "scripts": {
    "lint": "tslint --project tsconfig.json",
    "build": "tsc",
    "serve": "npm run build && firebase emulators:start --only functions",
    "shell": "npm run build && firebase functions:shell",
    "start": "npm run shell",
    "deploy": "firebase deploy --only functions",
    "logs": "firebase functions:log"
  },
  "engines": {
    "node": "8"
  },
  "main": "lib/index.js",
  "dependencies": {
    "firebase-admin": "^8.6.0",
    "firebase-functions": "^3.3.0"
  },
  "devDependencies": {
    "tslint": "^5.12.0",
    "typescript": "^3.8.3",
    "firebase-functions-test": "^0.1.6"
  },
  "private": true
}
[info] i  functions: ensuring necessary APIs are enabled...
[debug] [2020-03-25T11:20:49.166Z] >>> HTTP REQUEST GET https://serviceusage.googleapis.com/v1/projects/chattijanchat/services/cloudfunctions.googleapis.com  
 
[debug] [2020-03-25T11:20:49.166Z] >>> HTTP REQUEST GET https://serviceusage.googleapis.com/v1/projects/chattijanchat/services/runtimeconfig.googleapis.com  
 
[debug] [2020-03-25T11:20:50.329Z] <<< HTTP RESPONSE 200
[debug] [2020-03-25T11:20:50.409Z] <<< HTTP RESPONSE 200
[info] +  functions: all necessary APIs are enabled
[debug] [2020-03-25T11:20:50.413Z] >>> HTTP REQUEST GET https://firebase.googleapis.com/v1beta1/projects/chattijanchat/adminSdkConfig  
 
[debug] [2020-03-25T11:20:50.832Z] <<< HTTP RESPONSE 200
[info] i  functions: preparing functions directory for uploading...
[debug] [2020-03-25T11:20:50.841Z] >>> HTTP REQUEST GET https://runtimeconfig.googleapis.com/v1beta1/projects/chattijanchat/configs  
 
[debug] [2020-03-25T11:20:52.063Z] <<< HTTP RESPONSE 200
[info] i  functions: packaged functions (42.02 KB) for uploading
[debug] [2020-03-25T11:20:52.241Z] >>> HTTP REQUEST POST https://cloudfunctions.googleapis.com/v1/projects/chattijanchat/locations/us-central1/functions:generateUploadUrl  
 
[debug] [2020-03-25T11:20:59.621Z] <<< HTTP RESPONSE 200
[debug] [2020-03-25T11:20:59.623Z] >>> HTTP REQUEST PUT https://storage.googleapis.com/gcf-upload-us-central1-9b581e24-1dfc-40da-9e17-35ff3520fd5e/c17a9265-8cfa-4c2e-b234-71aaf21426d6.zip?GoogleAccessId=service-418145859824@gcf-admin-robot.iam.gserviceaccount.com&Expires=1585137059&Signature=U1vWz3L87UHQ4lLlFQEbgGBYl9Ylce4wuLBKg8UxNQJw0QxMTTl7RtYoGKDxYJPs371BuOy4kTNJVeCz0rL%2FDV%2BWuOBlY1lX8J%2BYq%2Bjoe1c2oosbzXlSW1IJ0iOkXQU4pC8%2F78H%2FCa0pMjPReKwkYL47OYT3h70WVFffj9KeY378FwjTEtpWwHK6Ch05liCp5UHo2CKDXYzbI2mXoMMgfGJsXxRcRDwF3d5vIgr9FrznBcJLqPz9mh3xzmUqdn%2BMHOf2YGrwvXfszirdXqOlL%2BXXT4q7KPaCiQMbfIDPzxORyE%2FSa9LHS6etV%2Fq1zeTJKXBD0SqNHV5DBdr7zkcGBw%3D%3D  
 <request body omitted>
[debug] [2020-03-25T11:21:00.560Z] <<< HTTP RESPONSE 200
[info] +  functions: functions folder uploaded successfully
[debug] [2020-03-25T11:21:00.564Z] >>> HTTP REQUEST GET https://cloudfunctions.googleapis.com/v1/projects/chattijanchat/locations/-/functions  
 
[debug] [2020-03-25T11:21:01.176Z] <<< HTTP RESPONSE 200
[info] i  functions: creating Node.js 8 function productCreated(us-central1)...
[debug] [2020-03-25T11:21:01.181Z] Trigger is:  {"eventTrigger":{"resource":"projects/chattijanchat/databases/(default)/documents/products/{id}","eventType":"providers/cloud.firestore/eventTypes/document.create","service":"firestore.googleapis.com"}}
[info] i  functions: creating Node.js 8 function deleteUser(us-central1)...
[debug] [2020-03-25T11:21:01.182Z] Trigger is:  {"eventTrigger":{"resource":"projects/chattijanchat/databases/(default)/documents/users/{id}","eventType":"providers/cloud.firestore/eventTypes/document.delete","service":"firestore.googleapis.com"}}
[info] i  functions: creating Node.js 8 function blockUser(us-central1)...
[debug] [2020-03-25T11:21:01.183Z] Trigger is:  {"eventTrigger":{"resource":"projects/chattijanchat/databases/(default)/documents/users/{id}","eventType":"providers/cloud.firestore/eventTypes/document.update","service":"firestore.googleapis.com"}}
[debug] [2020-03-25T11:21:01.184Z] >>> HTTP REQUEST GET https://serviceusage.googleapis.com/v1/projects/chattijanchat/services/cloudscheduler.googleapis.com  
 
[debug] [2020-03-25T11:21:02.238Z] <<< HTTP RESPONSE 200
[debug] [2020-03-25T11:21:02.239Z] >>> HTTP REQUEST POST https://cloudfunctions.googleapis.com/v1/projects/chattijanchat/locations/us-central1/functions  

[debug] [2020-03-25T11:21:02.240Z] >>> HTTP REQUEST POST https://cloudfunctions.googleapis.com/v1/projects/chattijanchat/locations/us-central1/functions  

[debug] [2020-03-25T11:21:02.240Z] >>> HTTP REQUEST POST https://cloudfunctions.googleapis.com/v1/projects/chattijanchat/locations/us-central1/functions  

[debug] [2020-03-25T11:21:03.110Z] <<< HTTP RESPONSE 200
[debug] [2020-03-25T11:21:03.121Z] <<< HTTP RESPONSE 200
[debug] [2020-03-25T11:21:03.128Z] <<< HTTP RESPONSE 200
[debug] [2020-03-25T11:21:03.132Z] >>> HTTP REQUEST GET https://cloudfunctions.googleapis.com/v1/operations/Y2hhdHRpamFuY2hhdC91cy1jZW50cmFsMS9wcm9kdWN0Q3JlYXRlZC9vVkJRTkw0RTZWUQ  
 
[debug] [2020-03-25T11:21:03.133Z] >>> HTTP REQUEST GET https://cloudfunctions.googleapis.com/v1/operations/Y2hhdHRpamFuY2hhdC91cy1jZW50cmFsMS9kZWxldGVVc2VyL0t1eklVVGNyay00  
 
[debug] [2020-03-25T11:21:03.134Z] >>> HTTP REQUEST GET https://cloudfunctions.googleapis.com/v1/operations/Y2hhdHRpamFuY2hhdC91cy1jZW50cmFsMS9ibG9ja1VzZXIvekx4UDBPNzVuT1k  
 
[debug] [2020-03-25T11:21:03.508Z] <<< HTTP RESPONSE 200
[debug] [2020-03-25T11:21:03.524Z] <<< HTTP RESPONSE 200
[debug] [2020-03-25T11:21:03.552Z] <<< HTTP RESPONSE 200
[debug] [2020-03-25T11:21:05.512Z] >>> HTTP REQUEST GET https://cloudfunctions.googleapis.com/v1/operations/Y2hhdHRpamFuY2hhdC91cy1jZW50cmFsMS9wcm9kdWN0Q3JlYXRlZC9vVkJRTkw0RTZWUQ  
 
[debug] [2020-03-25T11:21:05.528Z] >>> HTTP REQUEST GET https://cloudfunctions.googleapis.com/v1/operations/Y2hhdHRpamFuY2hhdC91cy1jZW50cmFsMS9kZWxldGVVc2VyL0t1eklVVGNyay00  
 
[debug] [2020-03-25T11:21:05.555Z] >>> HTTP REQUEST GET https://cloudfunctions.googleapis.com/v1/operations/Y2hhdHRpamFuY2hhdC91cy1jZW50cmFsMS9ibG9ja1VzZXIvekx4UDBPNzVuT1k  
 
[debug] [2020-03-25T11:21:06.137Z] <<< HTTP RESPONSE 200
[debug] [2020-03-25T11:21:06.140Z] <<< HTTP RESPONSE 200
[debug] [2020-03-25T11:21:06.397Z] <<< HTTP RESPONSE 200
[debug] [2020-03-25T11:21:08.140Z] >>> HTTP REQUEST GET https://cloudfunctions.googleapis.com/v1/operations/Y2hhdHRpamFuY2hhdC91cy1jZW50cmFsMS9ibG9ja1VzZXIvekx4UDBPNzVuT1k  
 
[debug] [2020-03-25T11:21:08.142Z] >>> HTTP REQUEST GET https://cloudfunctions.googleapis.com/v1/operations/Y2hhdHRpamFuY2hhdC91cy1jZW50cmFsMS9kZWxldGVVc2VyL0t1eklVVGNyay00  
 
[debug] [2020-03-25T11:21:08.400Z] >>> HTTP REQUEST GET https://cloudfunctions.googleapis.com/v1/operations/Y2hhdHRpamFuY2hhdC91cy1jZW50cmFsMS9wcm9kdWN0Q3JlYXRlZC9vVkJRTkw0RTZWUQ  
 
[debug] [2020-03-25T11:21:08.515Z] <<< HTTP RESPONSE 200
[debug] [2020-03-25T11:21:08.532Z] <<< HTTP RESPONSE 200
[debug] [2020-03-25T11:21:08.854Z] <<< HTTP RESPONSE 200
[debug] [2020-03-25T11:21:10.525Z] >>> HTTP REQUEST GET https://cloudfunctions.googleapis.com/v1/operations/Y2hhdHRpamFuY2hhdC91cy1jZW50cmFsMS9ibG9ja1VzZXIvekx4UDBPNzVuT1k  
 
[debug] [2020-03-25T11:21:10.532Z] >>> HTTP REQUEST GET https://cloudfunctions.googleapis.com/v1/operations/Y2hhdHRpamFuY2hhdC91cy1jZW50cmFsMS9kZWxldGVVc2VyL0t1eklVVGNyay00  
 
[debug] [2020-03-25T11:21:10.858Z] >>> HTTP REQUEST GET https://cloudfunctions.googleapis.com/v1/operations/Y2hhdHRpamFuY2hhdC91cy1jZW50cmFsMS9wcm9kdWN0Q3JlYXRlZC9vVkJRTkw0RTZWUQ  
 
[debug] [2020-03-25T11:21:11.183Z] <<< HTTP RESPONSE 200
[debug] [2020-03-25T11:21:11.199Z] <<< HTTP RESPONSE 200
[debug] [2020-03-25T11:21:11.824Z] <<< HTTP RESPONSE 200
[debug] [2020-03-25T11:21:13.184Z] >>> HTTP REQUEST GET https://cloudfunctions.googleapis.com/v1/operations/Y2hhdHRpamFuY2hhdC91cy1jZW50cmFsMS9ibG9ja1VzZXIvekx4UDBPNzVuT1k  
 
[debug] [2020-03-25T11:21:13.200Z] >>> HTTP REQUEST GET https://cloudfunctions.googleapis.com/v1/operations/Y2hhdHRpamFuY2hhdC91cy1jZW50cmFsMS9kZWxldGVVc2VyL0t1eklVVGNyay00  
 
[debug] [2020-03-25T11:21:13.502Z] <<< HTTP RESPONSE 200
[debug] [2020-03-25T11:21:13.528Z] <<< HTTP RESPONSE 200
[debug] [2020-03-25T11:21:13.828Z] >>> HTTP REQUEST GET https://cloudfunctions.googleapis.com/v1/operations/Y2hhdHRpamFuY2hhdC91cy1jZW50cmFsMS9wcm9kdWN0Q3JlYXRlZC9vVkJRTkw0RTZWUQ  
 
[debug] [2020-03-25T11:21:14.178Z] <<< HTTP RESPONSE 200
[debug] [2020-03-25T11:21:15.504Z] >>> HTTP REQUEST GET https://cloudfunctions.googleapis.com/v1/operations/Y2hhdHRpamFuY2hhdC91cy1jZW50cmFsMS9ibG9ja1VzZXIvekx4UDBPNzVuT1k  
 
[debug] [2020-03-25T11:21:15.532Z] >>> HTTP REQUEST GET https://cloudfunctions.googleapis.com/v1/operations/Y2hhdHRpamFuY2hhdC91cy1jZW50cmFsMS9kZWxldGVVc2VyL0t1eklVVGNyay00  
 
[debug] [2020-03-25T11:21:16.022Z] <<< HTTP RESPONSE 200
[debug] [2020-03-25T11:21:16.025Z] <<< HTTP RESPONSE 200
[debug] [2020-03-25T11:21:16.181Z] >>> HTTP REQUEST GET https://cloudfunctions.googleapis.com/v1/operations/Y2hhdHRpamFuY2hhdC91cy1jZW50cmFsMS9wcm9kdWN0Q3JlYXRlZC9vVkJRTkw0RTZWUQ  
 
[debug] [2020-03-25T11:21:16.638Z] <<< HTTP RESPONSE 200
[debug] [2020-03-25T11:21:18.024Z] >>> HTTP REQUEST GET https://cloudfunctions.googleapis.com/v1/operations/Y2hhdHRpamFuY2hhdC91cy1jZW50cmFsMS9ibG9ja1VzZXIvekx4UDBPNzVuT1k  
 
[debug] [2020-03-25T11:21:18.026Z] >>> HTTP REQUEST GET https://cloudfunctions.googleapis.com/v1/operations/Y2hhdHRpamFuY2hhdC91cy1jZW50cmFsMS9kZWxldGVVc2VyL0t1eklVVGNyay00  
 
[debug] [2020-03-25T11:21:18.642Z] >>> HTTP REQUEST GET https://cloudfunctions.googleapis.com/v1/operations/Y2hhdHRpamFuY2hhdC91cy1jZW50cmFsMS9wcm9kdWN0Q3JlYXRlZC9vVkJRTkw0RTZWUQ  
 
[debug] [2020-03-25T11:21:18.647Z] <<< HTTP RESPONSE 200
[debug] [2020-03-25T11:21:18.648Z] <<< HTTP RESPONSE 200
[debug] [2020-03-25T11:21:19.093Z] <<< HTTP RESPONSE 200
[debug] [2020-03-25T11:21:20.648Z] >>> HTTP REQUEST GET https://cloudfunctions.googleapis.com/v1/operations/Y2hhdHRpamFuY2hhdC91cy1jZW50cmFsMS9ibG9ja1VzZXIvekx4UDBPNzVuT1k  
 
[debug] [2020-03-25T11:21:20.649Z] >>> HTTP REQUEST GET https://cloudfunctions.googleapis.com/v1/operations/Y2hhdHRpamFuY2hhdC91cy1jZW50cmFsMS9kZWxldGVVc2VyL0t1eklVVGNyay00  
 
[debug] [2020-03-25T11:21:21.095Z] >>> HTTP REQUEST GET https://cloudfunctions.googleapis.com/v1/operations/Y2hhdHRpamFuY2hhdC91cy1jZW50cmFsMS9wcm9kdWN0Q3JlYXRlZC9vVkJRTkw0RTZWUQ  
 
[debug] [2020-03-25T11:21:21.115Z] <<< HTTP RESPONSE 200
[debug] [2020-03-25T11:21:21.305Z] <<< HTTP RESPONSE 200
[debug] [2020-03-25T11:21:21.388Z] <<< HTTP RESPONSE 200
[debug] [2020-03-25T11:21:23.116Z] >>> HTTP REQUEST GET https://cloudfunctions.googleapis.com/v1/operations/Y2hhdHRpamFuY2hhdC91cy1jZW50cmFsMS9ibG9ja1VzZXIvekx4UDBPNzVuT1k  
 
[debug] [2020-03-25T11:21:23.309Z] >>> HTTP REQUEST GET https://cloudfunctions.googleapis.com/v1/operations/Y2hhdHRpamFuY2hhdC91cy1jZW50cmFsMS9kZWxldGVVc2VyL0t1eklVVGNyay00  
 
[debug] [2020-03-25T11:21:23.391Z] >>> HTTP REQUEST GET https://cloudfunctions.googleapis.com/v1/operations/Y2hhdHRpamFuY2hhdC91cy1jZW50cmFsMS9wcm9kdWN0Q3JlYXRlZC9vVkJRTkw0RTZWUQ  
 
[debug] [2020-03-25T11:21:23.707Z] <<< HTTP RESPONSE 200
[debug] [2020-03-25T11:21:23.709Z] <<< HTTP RESPONSE 200
[debug] [2020-03-25T11:21:24.112Z] <<< HTTP RESPONSE 200
[debug] [2020-03-25T11:21:25.709Z] >>> HTTP REQUEST GET https://cloudfunctions.googleapis.com/v1/operations/Y2hhdHRpamFuY2hhdC91cy1jZW50cmFsMS9ibG9ja1VzZXIvekx4UDBPNzVuT1k  
 
[debug] [2020-03-25T11:21:25.712Z] >>> HTTP REQUEST GET https://cloudfunctions.googleapis.com/v1/operations/Y2hhdHRpamFuY2hhdC91cy1jZW50cmFsMS9kZWxldGVVc2VyL0t1eklVVGNyay00  
 
[debug] [2020-03-25T11:21:26.119Z] >>> HTTP REQUEST GET https://cloudfunctions.googleapis.com/v1/operations/Y2hhdHRpamFuY2hhdC91cy1jZW50cmFsMS9wcm9kdWN0Q3JlYXRlZC9vVkJRTkw0RTZWUQ  
 
[debug] [2020-03-25T11:21:26.124Z] <<< HTTP RESPONSE 200
[debug] [2020-03-25T11:21:26.124Z] <<< HTTP RESPONSE 200
[debug] [2020-03-25T11:21:26.484Z] <<< HTTP RESPONSE 200
[debug] [2020-03-25T11:21:28.126Z] >>> HTTP REQUEST GET https://cloudfunctions.googleapis.com/v1/operations/Y2hhdHRpamFuY2hhdC91cy1jZW50cmFsMS9ibG9ja1VzZXIvekx4UDBPNzVuT1k  
 
[debug] [2020-03-25T11:21:28.128Z] >>> HTTP REQUEST GET https://cloudfunctions.googleapis.com/v1/operations/Y2hhdHRpamFuY2hhdC91cy1jZW50cmFsMS9kZWxldGVVc2VyL0t1eklVVGNyay00  
 
[debug] [2020-03-25T11:21:28.488Z] >>> HTTP REQUEST GET https://cloudfunctions.googleapis.com/v1/operations/Y2hhdHRpamFuY2hhdC91cy1jZW50cmFsMS9wcm9kdWN0Q3JlYXRlZC9vVkJRTkw0RTZWUQ  
 
[debug] [2020-03-25T11:21:28.592Z] <<< HTTP RESPONSE 200
[debug] [2020-03-25T11:21:28.617Z] <<< HTTP RESPONSE 200
[debug] [2020-03-25T11:21:28.924Z] <<< HTTP RESPONSE 200
[debug] [2020-03-25T11:21:30.593Z] >>> HTTP REQUEST GET https://cloudfunctions.googleapis.com/v1/operations/Y2hhdHRpamFuY2hhdC91cy1jZW50cmFsMS9ibG9ja1VzZXIvekx4UDBPNzVuT1k  
 
[debug] [2020-03-25T11:21:30.621Z] >>> HTTP REQUEST GET https://cloudfunctions.googleapis.com/v1/operations/Y2hhdHRpamFuY2hhdC91cy1jZW50cmFsMS9kZWxldGVVc2VyL0t1eklVVGNyay00  
 
[debug] [2020-03-25T11:21:30.927Z] >>> HTTP REQUEST GET https://cloudfunctions.googleapis.com/v1/operations/Y2hhdHRpamFuY2hhdC91cy1jZW50cmFsMS9wcm9kdWN0Q3JlYXRlZC9vVkJRTkw0RTZWUQ  
 
[debug] [2020-03-25T11:21:31.046Z] <<< HTTP RESPONSE 200
[debug] [2020-03-25T11:21:31.048Z] <<< HTTP RESPONSE 200
[debug] [2020-03-25T11:21:31.382Z] <<< HTTP RESPONSE 200
[debug] [2020-03-25T11:21:33.049Z] >>> HTTP REQUEST GET https://cloudfunctions.googleapis.com/v1/operations/Y2hhdHRpamFuY2hhdC91cy1jZW50cmFsMS9kZWxldGVVc2VyL0t1eklVVGNyay00  
 
[debug] [2020-03-25T11:21:33.052Z] >>> HTTP REQUEST GET https://cloudfunctions.googleapis.com/v1/operations/Y2hhdHRpamFuY2hhdC91cy1jZW50cmFsMS9ibG9ja1VzZXIvekx4UDBPNzVuT1k  
 
[debug] [2020-03-25T11:21:33.385Z] >>> HTTP REQUEST GET https://cloudfunctions.googleapis.com/v1/operations/Y2hhdHRpamFuY2hhdC91cy1jZW50cmFsMS9wcm9kdWN0Q3JlYXRlZC9vVkJRTkw0RTZWUQ  
 
[debug] [2020-03-25T11:21:33.394Z] <<< HTTP RESPONSE 200
[debug] [2020-03-25T11:21:33.423Z] <<< HTTP RESPONSE 200
[debug] [2020-03-25T11:21:33.725Z] <<< HTTP RESPONSE 200
[debug] [2020-03-25T11:21:35.399Z] >>> HTTP REQUEST GET https://cloudfunctions.googleapis.com/v1/operations/Y2hhdHRpamFuY2hhdC91cy1jZW50cmFsMS9kZWxldGVVc2VyL0t1eklVVGNyay00  
 
[debug] [2020-03-25T11:21:35.427Z] >>> HTTP REQUEST GET https://cloudfunctions.googleapis.com/v1/operations/Y2hhdHRpamFuY2hhdC91cy1jZW50cmFsMS9ibG9ja1VzZXIvekx4UDBPNzVuT1k  
 
[debug] [2020-03-25T11:21:35.729Z] >>> HTTP REQUEST GET https://cloudfunctions.googleapis.com/v1/operations/Y2hhdHRpamFuY2hhdC91cy1jZW50cmFsMS9wcm9kdWN0Q3JlYXRlZC9vVkJRTkw0RTZWUQ  
 
[debug] [2020-03-25T11:21:35.742Z] <<< HTTP RESPONSE 200
[debug] [2020-03-25T11:21:35.761Z] <<< HTTP RESPONSE 200
[debug] [2020-03-25T11:21:36.060Z] <<< HTTP RESPONSE 200
[debug] [2020-03-25T11:21:37.746Z] >>> HTTP REQUEST GET https://cloudfunctions.googleapis.com/v1/operations/Y2hhdHRpamFuY2hhdC91cy1jZW50cmFsMS9kZWxldGVVc2VyL0t1eklVVGNyay00  
 
[debug] [2020-03-25T11:21:37.765Z] >>> HTTP REQUEST GET https://cloudfunctions.googleapis.com/v1/operations/Y2hhdHRpamFuY2hhdC91cy1jZW50cmFsMS9ibG9ja1VzZXIvekx4UDBPNzVuT1k  
 
[debug] [2020-03-25T11:21:38.060Z] >>> HTTP REQUEST GET https://cloudfunctions.googleapis.com/v1/operations/Y2hhdHRpamFuY2hhdC91cy1jZW50cmFsMS9wcm9kdWN0Q3JlYXRlZC9vVkJRTkw0RTZWUQ  
 
[debug] [2020-03-25T11:21:38.132Z] <<< HTTP RESPONSE 200
[debug] [2020-03-25T11:21:38.140Z] <<< HTTP RESPONSE 200
[debug] [2020-03-25T11:21:38.550Z] <<< HTTP RESPONSE 200
[debug] [2020-03-25T11:21:40.135Z] >>> HTTP REQUEST GET https://cloudfunctions.googleapis.com/v1/operations/Y2hhdHRpamFuY2hhdC91cy1jZW50cmFsMS9kZWxldGVVc2VyL0t1eklVVGNyay00  
 
[debug] [2020-03-25T11:21:40.143Z] >>> HTTP REQUEST GET https://cloudfunctions.googleapis.com/v1/operations/Y2hhdHRpamFuY2hhdC91cy1jZW50cmFsMS9ibG9ja1VzZXIvekx4UDBPNzVuT1k  
 
[debug] [2020-03-25T11:21:40.553Z] >>> HTTP REQUEST GET https://cloudfunctions.googleapis.com/v1/operations/Y2hhdHRpamFuY2hhdC91cy1jZW50cmFsMS9wcm9kdWN0Q3JlYXRlZC9vVkJRTkw0RTZWUQ  
 
[debug] [2020-03-25T11:21:40.591Z] <<< HTTP RESPONSE 200
[debug] [2020-03-25T11:21:40.594Z] <<< HTTP RESPONSE 200
[debug] [2020-03-25T11:21:41.520Z] <<< HTTP RESPONSE 200
[debug] [2020-03-25T11:21:42.593Z] >>> HTTP REQUEST GET https://cloudfunctions.googleapis.com/v1/operations/Y2hhdHRpamFuY2hhdC91cy1jZW50cmFsMS9kZWxldGVVc2VyL0t1eklVVGNyay00  
 
[debug] [2020-03-25T11:21:42.598Z] >>> HTTP REQUEST GET https://cloudfunctions.googleapis.com/v1/operations/Y2hhdHRpamFuY2hhdC91cy1jZW50cmFsMS9ibG9ja1VzZXIvekx4UDBPNzVuT1k  
 
[debug] [2020-03-25T11:21:42.932Z] <<< HTTP RESPONSE 200
[debug] [2020-03-25T11:21:42.935Z] <<< HTTP RESPONSE 200
[debug] [2020-03-25T11:21:43.521Z] >>> HTTP REQUEST GET https://cloudfunctions.googleapis.com/v1/operations/Y2hhdHRpamFuY2hhdC91cy1jZW50cmFsMS9wcm9kdWN0Q3JlYXRlZC9vVkJRTkw0RTZWUQ  
 
[debug] [2020-03-25T11:21:43.977Z] <<< HTTP RESPONSE 200
[debug] [2020-03-25T11:21:44.933Z] >>> HTTP REQUEST GET https://cloudfunctions.googleapis.com/v1/operations/Y2hhdHRpamFuY2hhdC91cy1jZW50cmFsMS9kZWxldGVVc2VyL0t1eklVVGNyay00  
 
[debug] [2020-03-25T11:21:44.937Z] >>> HTTP REQUEST GET https://cloudfunctions.googleapis.com/v1/operations/Y2hhdHRpamFuY2hhdC91cy1jZW50cmFsMS9ibG9ja1VzZXIvekx4UDBPNzVuT1k  
 
[debug] [2020-03-25T11:21:45.411Z] <<< HTTP RESPONSE 200
[debug] [2020-03-25T11:21:45.411Z] <<< HTTP RESPONSE 200
[debug] [2020-03-25T11:21:45.977Z] >>> HTTP REQUEST GET https://cloudfunctions.googleapis.com/v1/operations/Y2hhdHRpamFuY2hhdC91cy1jZW50cmFsMS9wcm9kdWN0Q3JlYXRlZC9vVkJRTkw0RTZWUQ  
 
[debug] [2020-03-25T11:21:46.538Z] <<< HTTP RESPONSE 200
[debug] [2020-03-25T11:21:47.414Z] >>> HTTP REQUEST GET https://cloudfunctions.googleapis.com/v1/operations/Y2hhdHRpamFuY2hhdC91cy1jZW50cmFsMS9ibG9ja1VzZXIvekx4UDBPNzVuT1k  
 
[debug] [2020-03-25T11:21:47.415Z] >>> HTTP REQUEST GET https://cloudfunctions.googleapis.com/v1/operations/Y2hhdHRpamFuY2hhdC91cy1jZW50cmFsMS9kZWxldGVVc2VyL0t1eklVVGNyay00  
 
[debug] [2020-03-25T11:21:47.868Z] <<< HTTP RESPONSE 200
[debug] [2020-03-25T11:21:47.869Z] <<< HTTP RESPONSE 200
[debug] [2020-03-25T11:21:48.540Z] >>> HTTP REQUEST GET https://cloudfunctions.googleapis.com/v1/operations/Y2hhdHRpamFuY2hhdC91cy1jZW50cmFsMS9wcm9kdWN0Q3JlYXRlZC9vVkJRTkw0RTZWUQ  
 
[debug] [2020-03-25T11:21:48.996Z] <<< HTTP RESPONSE 200
[debug] [2020-03-25T11:21:49.871Z] >>> HTTP REQUEST GET https://cloudfunctions.googleapis.com/v1/operations/Y2hhdHRpamFuY2hhdC91cy1jZW50cmFsMS9kZWxldGVVc2VyL0t1eklVVGNyay00  
 
[debug] [2020-03-25T11:21:49.871Z] >>> HTTP REQUEST GET https://cloudfunctions.googleapis.com/v1/operations/Y2hhdHRpamFuY2hhdC91cy1jZW50cmFsMS9ibG9ja1VzZXIvekx4UDBPNzVuT1k  
 
[debug] [2020-03-25T11:21:50.223Z] <<< HTTP RESPONSE 200
[debug] [2020-03-25T11:21:50.224Z] <<< HTTP RESPONSE 200
[debug] [2020-03-25T11:21:50.998Z] >>> HTTP REQUEST GET https://cloudfunctions.googleapis.com/v1/operations/Y2hhdHRpamFuY2hhdC91cy1jZW50cmFsMS9wcm9kdWN0Q3JlYXRlZC9vVkJRTkw0RTZWUQ  
 
[debug] [2020-03-25T11:21:51.452Z] <<< HTTP RESPONSE 200
[debug] [2020-03-25T11:21:52.224Z] >>> HTTP REQUEST GET https://cloudfunctions.googleapis.com/v1/operations/Y2hhdHRpamFuY2hhdC91cy1jZW50cmFsMS9kZWxldGVVc2VyL0t1eklVVGNyay00  
 
[debug] [2020-03-25T11:21:52.224Z] >>> HTTP REQUEST GET https://cloudfunctions.googleapis.com/v1/operations/Y2hhdHRpamFuY2hhdC91cy1jZW50cmFsMS9ibG9ja1VzZXIvekx4UDBPNzVuT1k  
 
[debug] [2020-03-25T11:21:52.578Z] <<< HTTP RESPONSE 200
[debug] [2020-03-25T11:21:52.579Z] <<< HTTP RESPONSE 200
[debug] [2020-03-25T11:21:53.454Z] >>> HTTP REQUEST GET https://cloudfunctions.googleapis.com/v1/operations/Y2hhdHRpamFuY2hhdC91cy1jZW50cmFsMS9wcm9kdWN0Q3JlYXRlZC9vVkJRTkw0RTZWUQ  
 
[debug] [2020-03-25T11:21:53.807Z] <<< HTTP RESPONSE 200
[debug] [2020-03-25T11:21:54.581Z] >>> HTTP REQUEST GET https://cloudfunctions.googleapis.com/v1/operations/Y2hhdHRpamFuY2hhdC91cy1jZW50cmFsMS9kZWxldGVVc2VyL0t1eklVVGNyay00  
 
[debug] [2020-03-25T11:21:54.581Z] >>> HTTP REQUEST GET https://cloudfunctions.googleapis.com/v1/operations/Y2hhdHRpamFuY2hhdC91cy1jZW50cmFsMS9ibG9ja1VzZXIvekx4UDBPNzVuT1k  
 
[debug] [2020-03-25T11:21:55.039Z] <<< HTTP RESPONSE 200
[debug] [2020-03-25T11:21:55.040Z] <<< HTTP RESPONSE 200
[debug] [2020-03-25T11:21:55.808Z] >>> HTTP REQUEST GET https://cloudfunctions.googleapis.com/v1/operations/Y2hhdHRpamFuY2hhdC91cy1jZW50cmFsMS9wcm9kdWN0Q3JlYXRlZC9vVkJRTkw0RTZWUQ  
 
[debug] [2020-03-25T11:21:56.368Z] <<< HTTP RESPONSE 200
[debug] [2020-03-25T11:21:57.042Z] >>> HTTP REQUEST GET https://cloudfunctions.googleapis.com/v1/operations/Y2hhdHRpamFuY2hhdC91cy1jZW50cmFsMS9kZWxldGVVc2VyL0t1eklVVGNyay00  
 
[debug] [2020-03-25T11:21:57.044Z] >>> HTTP REQUEST GET https://cloudfunctions.googleapis.com/v1/operations/Y2hhdHRpamFuY2hhdC91cy1jZW50cmFsMS9ibG9ja1VzZXIvekx4UDBPNzVuT1k  
 
[debug] [2020-03-25T11:21:57.599Z] <<< HTTP RESPONSE 200
[debug] [2020-03-25T11:21:57.905Z] <<< HTTP RESPONSE 200
[info] +  functions[blockUser(us-central1)]: Successful create operation. 
[debug] [2020-03-25T11:21:58.372Z] >>> HTTP REQUEST GET https://cloudfunctions.googleapis.com/v1/operations/Y2hhdHRpamFuY2hhdC91cy1jZW50cmFsMS9wcm9kdWN0Q3JlYXRlZC9vVkJRTkw0RTZWUQ  
 
[debug] [2020-03-25T11:21:58.827Z] <<< HTTP RESPONSE 200
[debug] [2020-03-25T11:21:59.600Z] >>> HTTP REQUEST GET https://cloudfunctions.googleapis.com/v1/operations/Y2hhdHRpamFuY2hhdC91cy1jZW50cmFsMS9kZWxldGVVc2VyL0t1eklVVGNyay00  
 
[debug] [2020-03-25T11:22:00.053Z] <<< HTTP RESPONSE 200
[debug] [2020-03-25T11:22:00.828Z] >>> HTTP REQUEST GET https://cloudfunctions.googleapis.com/v1/operations/Y2hhdHRpamFuY2hhdC91cy1jZW50cmFsMS9wcm9kdWN0Q3JlYXRlZC9vVkJRTkw0RTZWUQ  
 
[debug] [2020-03-25T11:22:01.253Z] <<< HTTP RESPONSE 200
[info] +  functions[productCreated(us-central1)]: Successful create operation. 
[debug] [2020-03-25T11:22:02.056Z] >>> HTTP REQUEST GET https://cloudfunctions.googleapis.com/v1/operations/Y2hhdHRpamFuY2hhdC91cy1jZW50cmFsMS9kZWxldGVVc2VyL0t1eklVVGNyay00  
 
[debug] [2020-03-25T11:22:02.409Z] <<< HTTP RESPONSE 200
